<?xml version="1.0" encoding="UTF-8" ?>
<testsuites>
  <testsuite errors="0" failures="0" hostname="mustafa" id="0" name="testBerkaySurnameIsSener2" package="" tests="1" time="0.0" timestamp="2008-06-17T14:17:52">
      <properties />

      <testcase classname="BerkayTest" name="testBerkaySurnameIsSener2" time="0.0" />

      <system-out><![CDATA[--Output from testBerkaySurnameIsSener2--
TestStart [testBerkaySurnameIsSener2(BerkayTest), testBerkaySurnameIsSener2(BerkayTest), junit.framework.TestResult@148e8c]
TestStart [testBerkaySurnameIsSener2(BerkayTest), testBerkaySurnameIsSener2(BerkayTest), junit.framework.TestResult@148e8c]
]]></system-out>

      <system-err><![CDATA[--Output from testBerkaySurnameIsSener2--
]]></system-err>

  </testsuite>
</testsuites>
